<?xml version="1.0" encoding="UTF-8"?>
<testsuite xmlns:xsi="http://www.w3.org/2001/XMLSchema-instance" xsi:noNamespaceSchemaLocation="https://maven.apache.org/surefire/maven-surefire-plugin/xsd/surefire-test-report.xsd" version="3.0.2" name="project.api_gateway.ApiGatewayApplicationTests" time="14.925" tests="1" errors="0" skipped="0" failures="0">
  <properties>
[...]
</properties>
  <testcase name="contextLoads" classname="project.api_gateway.ApiGatewayApplicationTests" time="1.45">
    <system-out><![CDATA[14:41:40.332 [main] INFO org.springframework.test.context.support.AnnotationConfigContextLoaderUtils -- Could not detect default configuration classes for test class [project.api_gateway.ApiGatewayApplicationTests]: ApiGatewayApplicationTests does not declare any static, non-private, non-final, nested classes annotated with @Configuration.
14:41:40.562 [main] INFO org.springframework.boot.test.context.SpringBootTestContextBootstrapper -- Found @SpringBootConfiguration project.api_gateway.ApiGatewayApplication for test class project.api_gateway.ApiGatewayApplicationTests

  .   ____          _            __ _ _
 /\\ / ___'_ __ _ _(_)_ __  __ _ \ \ \ \
( ( )\___ | '_ | '_| | '_ \/ _` | \ \ \ \
 \\/  ___)| |_)| | | | | || (_| |  ) ) ) )
  '  |____| .__|_| |_|_| |_\__, | / / / /
 =========|_|==============|___/=/_/_/_/

 :: Spring Boot ::                (v3.4.5)

2025-06-02T14:41:43.336+02:00  INFO 14348 --- [api-gateway] [           main] p.a.ApiGatewayApplicationTests           : Starting ApiGatewayApplicationTests using Java 21.0.6 with PID 14348 (started by ricsi in F:\suli\2025\Technologien verteilter Systeme\status-server\api-gateway)
2025-06-02T14:41:43.340+02:00  INFO 14348 --- [api-gateway] [           main] p.a.ApiGatewayApplicationTests           : No active profile set, falling back to 1 default profile: "default"
2025-06-02T14:41:45.724+02:00  INFO 14348 --- [api-gateway] [           main] o.s.cloud.context.scope.GenericScope     : BeanFactory id=779d3bb8-48b0-3208-ab08-82cae15a8555
2025-06-02T14:41:47.940+02:00  INFO 14348 --- [api-gateway] [           main] o.s.cloud.commons.util.InetUtils         : Cannot determine local hostname
2025-06-02T14:41:49.036+02:00  INFO 14348 --- [api-gateway] [           main] o.s.cloud.commons.util.InetUtils         : Cannot determine local hostname
2025-06-02T14:41:49.568+02:00 DEBUG 14348 --- [api-gateway] [           main] o.s.c.gateway.config.GatewayProperties   : Routes supplied from Gateway Properties: [RouteDefinition{id='client', predicates=[PredicateDefinition{name='Path', args={_genkey_0=/status/**}}], filters=[], uri=lb://CLIENT/status, order=0, metadata={}, enabled=true}, RouteDefinition{id='status-service', predicates=[PredicateDefinition{name='Path', args={_genkey_0=/status-websocket/**}}], filters=[FilterDefinition{name='RewritePath', args={regexp=/status-websocket/(?<segment>.*), replacement=/${segment}}}], uri=lb://STATUS-SERVICE, order=0, metadata={}, enabled=true}]
2025-06-02T14:41:49.953+02:00  INFO 14348 --- [api-gateway] [           main] o.s.c.g.r.RouteDefinitionRouteLocator    : Loaded RoutePredicateFactory [After]
2025-06-02T14:41:49.953+02:00  INFO 14348 --- [api-gateway] [           main] o.s.c.g.r.RouteDefinitionRouteLocator    : Loaded RoutePredicateFactory [Before]
2025-06-02T14:41:49.953+02:00  INFO 14348 --- [api-gateway] [           main] o.s.c.g.r.RouteDefinitionRouteLocator    : Loaded RoutePredicateFactory [Between]
2025-06-02T14:41:49.953+02:00  INFO 14348 --- [api-gateway] [           main] o.s.c.g.r.RouteDefinitionRouteLocator    : Loaded RoutePredicateFactory [Cookie]
2025-06-02T14:41:49.954+02:00  INFO 14348 --- [api-gateway] [           main] o.s.c.g.r.RouteDefinitionRouteLocator    : Loaded RoutePredicateFactory [Header]
2025-06-02T14:41:49.954+02:00  INFO 14348 --- [api-gateway] [           main] o.s.c.g.r.RouteDefinitionRouteLocator    : Loaded RoutePredicateFactory [Host]
2025-06-02T14:41:49.954+02:00  INFO 14348 --- [api-gateway] [           main] o.s.c.g.r.RouteDefinitionRouteLocator    : Loaded RoutePredicateFactory [Method]
2025-06-02T14:41:49.955+02:00  INFO 14348 --- [api-gateway] [           main] o.s.c.g.r.RouteDefinitionRouteLocator    : Loaded RoutePredicateFactory [Path]
2025-06-02T14:41:49.955+02:00  INFO 14348 --- [api-gateway] [           main] o.s.c.g.r.RouteDefinitionRouteLocator    : Loaded RoutePredicateFactory [Query]
2025-06-02T14:41:49.955+02:00  INFO 14348 --- [api-gateway] [           main] o.s.c.g.r.RouteDefinitionRouteLocator    : Loaded RoutePredicateFactory [ReadBody]
2025-06-02T14:41:49.955+02:00  INFO 14348 --- [api-gateway] [           main] o.s.c.g.r.RouteDefinitionRouteLocator    : Loaded RoutePredicateFactory [RemoteAddr]
2025-06-02T14:41:49.955+02:00  INFO 14348 --- [api-gateway] [           main] o.s.c.g.r.RouteDefinitionRouteLocator    : Loaded RoutePredicateFactory [XForwardedRemoteAddr]
2025-06-02T14:41:49.956+02:00  INFO 14348 --- [api-gateway] [           main] o.s.c.g.r.RouteDefinitionRouteLocator    : Loaded RoutePredicateFactory [Weight]
2025-06-02T14:41:49.956+02:00  INFO 14348 --- [api-gateway] [           main] o.s.c.g.r.RouteDefinitionRouteLocator    : Loaded RoutePredicateFactory [CloudFoundryRouteService]
2025-06-02T14:41:50.155+02:00 DEBUG 14348 --- [api-gateway] [           main] o.s.w.r.handler.SimpleUrlHandlerMapping  : Patterns [/webjars/**, /**] in 'resourceHandlerMapping'
2025-06-02T14:41:50.258+02:00 DEBUG 14348 --- [api-gateway] [           main] o.s.w.r.r.m.a.ControllerMethodResolver   : ControllerAdvice beans: none
2025-06-02T14:41:50.329+02:00 DEBUG 14348 --- [api-gateway] [           main] o.s.w.s.adapter.HttpWebHandlerAdapter    : enableLoggingRequestDetails='false': form data and headers will be masked to prevent unsafe logging of potentially sensitive data
2025-06-02T14:41:51.727+02:00  INFO 14348 --- [api-gateway] [           main] o.s.cloud.commons.util.InetUtils         : Cannot determine local hostname
2025-06-02T14:41:51.816+02:00  INFO 14348 --- [api-gateway] [           main] DiscoveryClientOptionalArgsConfiguration : Eureka HTTP Client uses RestTemplate.
2025-06-02T14:41:51.891+02:00  WARN 14348 --- [api-gateway] [           main] iguration$LoadBalancerCaffeineWarnLogger : Spring Cloud LoadBalancer is currently working with the default cache. While this cache implementation is useful for development and tests, it's recommended to use Caffeine cache in production.You can switch to using Caffeine cache, by adding it and org.springframework.cache.caffeine.CaffeineCacheManager to the classpath.
2025-06-02T14:41:52.022+02:00  INFO 14348 --- [api-gateway] [           main] o.s.c.n.eureka.InstanceInfoFactory       : Setting initial instance status as: STARTING
2025-06-02T14:41:52.129+02:00  INFO 14348 --- [api-gateway] [           main] com.netflix.discovery.DiscoveryClient    : Initializing Eureka in region us-east-1
2025-06-02T14:41:52.146+02:00  INFO 14348 --- [api-gateway] [           main] c.n.d.s.r.aws.ConfigClusterResolver      : Resolving eureka endpoints via configuration
2025-06-02T14:41:52.170+02:00  INFO 14348 --- [api-gateway] [           main] com.netflix.discovery.DiscoveryClient    : Disable delta property : false
2025-06-02T14:41:52.170+02:00  INFO 14348 --- [api-gateway] [           main] com.netflix.discovery.DiscoveryClient    : Single vip registry refresh property : null
2025-06-02T14:41:52.170+02:00  INFO 14348 --- [api-gateway] [           main] com.netflix.discovery.DiscoveryClient    : Force full registry fetch : false
2025-06-02T14:41:52.170+02:00  INFO 14348 --- [api-gateway] [           main] com.netflix.discovery.DiscoveryClient    : Application is null : false
2025-06-02T14:41:52.171+02:00  INFO 14348 --- [api-gateway] [           main] com.netflix.discovery.DiscoveryClient    : Registered Applications size is zero : true
2025-06-02T14:41:52.171+02:00  INFO 14348 --- [api-gateway] [           main] com.netflix.discovery.DiscoveryClient    : Application version is -1: true
2025-06-02T14:41:52.171+02:00  INFO 14348 --- [api-gateway] [           main] com.netflix.discovery.DiscoveryClient    : Getting all instance registry info from the eureka server
2025-06-02T14:41:52.658+02:00 DEBUG 14348 --- [api-gateway] [           main] o.s.web.client.RestTemplate              : HTTP GET http://localhost:8761/eureka/apps/
2025-06-02T14:41:52.861+02:00 DEBUG 14348 --- [api-gateway] [           main] o.s.web.client.RestTemplate              : Accept=[application/json, application/*+json]
2025-06-02T14:41:53.003+02:00 DEBUG 14348 --- [api-gateway] [           main] o.s.web.client.RestTemplate              : Response 200 OK
2025-06-02T14:41:53.010+02:00 DEBUG 14348 --- [api-gateway] [           main] o.s.web.client.RestTemplate              : Reading to [org.springframework.cloud.netflix.eureka.http.EurekaApplications]
2025-06-02T14:41:53.081+02:00  INFO 14348 --- [api-gateway] [           main] com.netflix.discovery.DiscoveryClient    : The response status is 200
2025-06-02T14:41:53.085+02:00  INFO 14348 --- [api-gateway] [           main] com.netflix.discovery.DiscoveryClient    : Starting heartbeat executor: renew interval is: 30
2025-06-02T14:41:53.089+02:00  INFO 14348 --- [api-gateway] [           main] c.n.discovery.InstanceInfoReplicator     : InstanceInfoReplicator onDemand update allowed rate per min is 4
2025-06-02T14:41:53.098+02:00  INFO 14348 --- [api-gateway] [           main] com.netflix.discovery.DiscoveryClient    : Discovery Client initialized at timestamp 1748868113095 with initial instances count: 3
2025-06-02T14:41:53.105+02:00  INFO 14348 --- [api-gateway] [           main] o.s.c.n.e.s.EurekaServiceRegistry        : Registering application API-GATEWAY with eureka with status UP
2025-06-02T14:41:53.105+02:00  INFO 14348 --- [api-gateway] [           main] com.netflix.discovery.DiscoveryClient    : Saw local status change event StatusChangeEvent [timestamp=1748868113105, current=UP, previous=STARTING]
2025-06-02T14:41:53.108+02:00  INFO 14348 --- [api-gateway] [foReplicator-%d] com.netflix.discovery.DiscoveryClient    : DiscoveryClient_API-GATEWAY/localhost:api-gateway:9000: registering service...
2025-06-02T14:41:53.119+02:00 DEBUG 14348 --- [api-gateway] [foReplicator-%d] o.s.web.client.RestTemplate              : HTTP POST http://localhost:8761/eureka/apps/API-GATEWAY
2025-06-02T14:41:53.124+02:00 DEBUG 14348 --- [api-gateway] [foReplicator-%d] o.s.web.client.RestTemplate              : Accept=[application/json, application/*+json]
2025-06-02T14:41:53.163+02:00 DEBUG 14348 --- [api-gateway] [foReplicator-%d] o.s.web.client.RestTemplate              : Writing [InstanceInfo [instanceId = localhost:api-gateway:9000, appName = API-GATEWAY, hostName = localhost, status = UP, ipAddr = 169.254.167.82, port = 9000, securePort = 443, dataCenterInfo = com.netflix.appinfo.MyDataCenterInfo@7cce2fb5] as "application/json"
2025-06-02T14:41:53.203+02:00 DEBUG 14348 --- [api-gateway] [foReplicator-%d] o.s.web.client.RestTemplate              : Response 204 NO_CONTENT
2025-06-02T14:41:53.204+02:00  INFO 14348 --- [api-gateway] [foReplicator-%d] com.netflix.discovery.DiscoveryClient    : DiscoveryClient_API-GATEWAY/localhost:api-gateway:9000 - registration status: 204
2025-06-02T14:41:53.229+02:00 DEBUG 14348 --- [api-gateway] [           main] o.s.c.g.r.RouteDefinitionRouteLocator    : RouteDefinition ReactiveCompositeDiscoveryClient_API-GATEWAY applying {pattern=/API-GATEWAY/**} to Path
2025-06-02T14:41:53.279+02:00 DEBUG 14348 --- [api-gateway] [           main] o.s.c.g.r.RouteDefinitionRouteLocator    : RouteDefinition ReactiveCompositeDiscoveryClient_API-GATEWAY applying filter {regexp=/API-GATEWAY/?(?<remaining>.*), replacement=/${remaining}} to RewritePath
2025-06-02T14:41:53.305+02:00 DEBUG 14348 --- [api-gateway] [           main] o.s.c.g.r.RouteDefinitionRouteLocator    : RouteDefinition matched: ReactiveCompositeDiscoveryClient_API-GATEWAY
2025-06-02T14:41:53.307+02:00 DEBUG 14348 --- [api-gateway] [           main] o.s.c.g.r.RouteDefinitionRouteLocator    : RouteDefinition ReactiveCompositeDiscoveryClient_STATUS-SERVICE applying {pattern=/STATUS-SERVICE/**} to Path
2025-06-02T14:41:53.310+02:00 DEBUG 14348 --- [api-gateway] [           main] o.s.c.g.r.RouteDefinitionRouteLocator    : RouteDefinition ReactiveCompositeDiscoveryClient_STATUS-SERVICE applying filter {regexp=/STATUS-SERVICE/?(?<remaining>.*), replacement=/${remaining}} to RewritePath
2025-06-02T14:41:53.312+02:00 DEBUG 14348 --- [api-gateway] [           main] o.s.c.g.r.RouteDefinitionRouteLocator    : RouteDefinition matched: ReactiveCompositeDiscoveryClient_STATUS-SERVICE
2025-06-02T14:41:53.317+02:00 DEBUG 14348 --- [api-gateway] [           main] o.s.c.g.r.RouteDefinitionRouteLocator    : RouteDefinition client applying {_genkey_0=/status/**} to Path
2025-06-02T14:41:53.320+02:00 DEBUG 14348 --- [api-gateway] [           main] o.s.c.g.r.RouteDefinitionRouteLocator    : RouteDefinition matched: client
2025-06-02T14:41:53.320+02:00 DEBUG 14348 --- [api-gateway] [           main] o.s.c.g.r.RouteDefinitionRouteLocator    : RouteDefinition status-service applying {_genkey_0=/status-websocket/**} to Path
2025-06-02T14:41:53.322+02:00 DEBUG 14348 --- [api-gateway] [           main] o.s.c.g.r.RouteDefinitionRouteLocator    : RouteDefinition status-service applying filter {regexp=/status-websocket/(?<segment>.*), replacement=/${segment}} to RewritePath
2025-06-02T14:41:53.323+02:00 DEBUG 14348 --- [api-gateway] [           main] o.s.c.g.r.RouteDefinitionRouteLocator    : RouteDefinition matched: status-service
2025-06-02T14:41:53.349+02:00 DEBUG 14348 --- [api-gateway] [           main] o.s.c.g.r.RouteDefinitionRouteLocator    : RouteDefinition ReactiveCompositeDiscoveryClient_API-GATEWAY applying {pattern=/API-GATEWAY/**} to Path
2025-06-02T14:41:53.351+02:00 DEBUG 14348 --- [api-gateway] [           main] o.s.c.g.r.RouteDefinitionRouteLocator    : RouteDefinition ReactiveCompositeDiscoveryClient_API-GATEWAY applying filter {regexp=/API-GATEWAY/?(?<remaining>.*), replacement=/${remaining}} to RewritePath
2025-06-02T14:41:53.353+02:00 DEBUG 14348 --- [api-gateway] [           main] o.s.c.g.r.RouteDefinitionRouteLocator    : RouteDefinition matched: ReactiveCompositeDiscoveryClient_API-GATEWAY
2025-06-02T14:41:53.354+02:00 DEBUG 14348 --- [api-gateway] [           main] o.s.c.g.r.RouteDefinitionRouteLocator    : RouteDefinition ReactiveCompositeDiscoveryClient_STATUS-SERVICE applying {pattern=/STATUS-SERVICE/**} to Path
2025-06-02T14:41:53.357+02:00 DEBUG 14348 --- [api-gateway] [           main] o.s.c.g.r.RouteDefinitionRouteLocator    : RouteDefinition ReactiveCompositeDiscoveryClient_STATUS-SERVICE applying filter {regexp=/STATUS-SERVICE/?(?<remaining>.*), replacement=/${remaining}} to RewritePath
2025-06-02T14:41:53.358+02:00 DEBUG 14348 --- [api-gateway] [           main] o.s.c.g.r.RouteDefinitionRouteLocator    : RouteDefinition matched: ReactiveCompositeDiscoveryClient_STATUS-SERVICE
2025-06-02T14:41:53.358+02:00 DEBUG 14348 --- [api-gateway] [           main] o.s.c.g.r.RouteDefinitionRouteLocator    : RouteDefinition client applying {_genkey_0=/status/**} to Path
2025-06-02T14:41:53.360+02:00 DEBUG 14348 --- [api-gateway] [           main] o.s.c.g.r.RouteDefinitionRouteLocator    : RouteDefinition matched: client
2025-06-02T14:41:53.360+02:00 DEBUG 14348 --- [api-gateway] [           main] o.s.c.g.r.RouteDefinitionRouteLocator    : RouteDefinition status-service applying {_genkey_0=/status-websocket/**} to Path
2025-06-02T14:41:53.363+02:00 DEBUG 14348 --- [api-gateway] [           main] o.s.c.g.r.RouteDefinitionRouteLocator    : RouteDefinition status-service applying filter {regexp=/status-websocket/(?<segment>.*), replacement=/${segment}} to RewritePath
2025-06-02T14:41:53.365+02:00 DEBUG 14348 --- [api-gateway] [           main] o.s.c.g.r.RouteDefinitionRouteLocator    : RouteDefinition matched: status-service
2025-06-02T14:41:53.372+02:00  INFO 14348 --- [api-gateway] [           main] p.a.ApiGatewayApplicationTests           : Started ApiGatewayApplicationTests in 12.007 seconds (process running for 14.748)
]]></system-out>
    <system-err><![CDATA[Mockito is currently self-attaching to enable the inline-mock-maker. This will no longer work in future releases of the JDK. Please add Mockito as an agent to your build what is described in Mockito's documentation: https://javadoc.io/doc/org.mockito/mockito-core/latest/org/mockito/Mockito.html#0.3
WARNING: A Java agent has been loaded dynamically (C:\Users\ricsi\.m2\repository\net\bytebuddy\byte-buddy-agent\1.15.11\byte-buddy-agent-1.15.11.jar)
WARNING: If a serviceability tool is in use, please run with -XX:+EnableDynamicAgentLoading to hide this warning
WARNING: If a serviceability tool is not in use, please run with -Djdk.instrument.traceUsage for more information
WARNING: Dynamic loading of agents will be disallowed by default in a future release
]]></system-err>
  </testcase>
</testsuite>